#
# There is insufficient memory for the Java Runtime Environment to continue.
# Native memory allocation (malloc) failed to allocate 1095056 bytes for Chunk::new
# Possible reasons:
#   The system is out of physical RAM or swap space
#   The process is running with CompressedOops enabled, and the Java Heap may be blocking the growth of the native heap
# Possible solutions:
#   Reduce memory load on the system
#   Increase physical memory or swap space
#   Check if swap backing store is full
#   Decrease Java heap size (-Xmx/-Xms)
#   Decrease number of Java threads
#   Decrease Java thread stack sizes (-Xss)
#   Set larger code cache with -XX:ReservedCodeCacheSize=
#   JVM is running with Zero Based Compressed Oops mode in which the Java heap is
#     placed in the first 32GB address space. The Java Heap base address is the
#     maximum limit for the native heap growth. Please use -XX:HeapBaseMinAddress
#     to set the Java Heap base and to place the Java Heap above 32GB virtual address.
# This output file may be truncated or incomplete.
#
#  Out of Memory Error (allocation.cpp:389), pid=10736, tid=0x0000000000004184
#
# JRE version: Java(TM) SE Runtime Environment (8.0_251-b08) (build 1.8.0_251-b08)
# Java VM: Java HotSpot(TM) 64-Bit Server VM (25.251-b08 mixed mode windows-amd64 compressed oops)
# Failed to write core dump. Minidumps are not enabled by default on client versions of Windows
#

---------------  T H R E A D  ---------------

Current thread (0x000000001e100800):  JavaThread "C2 CompilerThread0" daemon [_thread_in_native, id=16772, stack(0x000000001e870000,0x000000001e970000)]

Stack: [0x000000001e870000,0x000000001e970000]
[error occurred during error reporting (printing stack bounds), id 0xc0000005]

Native frames: (J=compiled Java code, j=interpreted, Vv=VM code, C=native code)


Current CompileTask:
C2: 533949 46272 %     4       android.databinding.tool.reflection.SdkUtil$ApiChecker::buildFullLookup @ 124 (252 bytes)


---------------  P R O C E S S  ---------------

Java Threads: ( => current thread )
  0x00000000341ef000 JavaThread "RMI RenewClean-[127.0.0.1:17451,org.jetbrains.kotlin.daemon.common.LoopbackNetworkInterface$ClientLoopbackSocketFactory@3022e245]" daemon [_thread_blocked, id=4376, stack(0x0000000047240000,0x0000000047340000)]
  0x000000002dbea800 JavaThread "RMI TCP Connection(39)-127.0.0.1" daemon [_thread_in_native, id=1780, stack(0x0000000048fb0000,0x00000000490b0000)]
  0x000000002a0ae800 JavaThread "RMI TCP Connection(42)-127.0.0.1" daemon [_thread_in_native, id=17928, stack(0x0000000047b70000,0x0000000047c70000)]
  0x000000002a0ae000 JavaThread "RMI TCP Connection(43)-127.0.0.1" daemon [_thread_in_native, id=11676, stack(0x000000004bea0000,0x000000004bfa0000)]
  0x000000002a0ad000 JavaThread "RMI TCP Connection(44)-127.0.0.1" daemon [_thread_in_native, id=9996, stack(0x000000004bda0000,0x000000004bea0000)]
  0x000000002a0b1000 JavaThread "RMI TCP Connection(45)-127.0.0.1" daemon [_thread_in_native, id=7324, stack(0x000000004ab30000,0x000000004ac30000)]
  0x000000002a0a6800 JavaThread "RMI TCP Connection(idle)" daemon [_thread_blocked, id=13116, stack(0x000000004a530000,0x000000004a630000)]
  0x000000002a0a2800 JavaThread "RMI TCP Connection(41)-127.0.0.1" daemon [_thread_in_native, id=18832, stack(0x0000000047f70000,0x0000000048070000)]
  0x000000002a0a2000 JavaThread "RMI TCP Connection(idle)" daemon [_thread_blocked, id=15388, stack(0x000000004a830000,0x000000004a930000)]
  0x000000002a0a5000 JavaThread "RMI TCP Connection(idle)" daemon [_thread_blocked, id=13760, stack(0x000000004a630000,0x000000004a730000)]
  0x000000002a0a3800 JavaThread "RMI TCP Connection(idle)" daemon [_thread_blocked, id=19304, stack(0x000000004a430000,0x000000004a530000)]
  0x000000002a0a7000 JavaThread "RMI TCP Connection(idle)" daemon [_thread_blocked, id=15824, stack(0x00000000495f0000,0x00000000496f0000)]
  0x00000000200f5800 JavaThread "WorkerExecutor Queue Thread 17" [_thread_blocked, id=1564, stack(0x0000000046370000,0x0000000046470000)]
  0x000000003642e000 JavaThread "WorkerExecutor Queue Thread 16" [_thread_blocked, id=2724, stack(0x00000000494f0000,0x00000000495f0000)]
  0x00000000200f2800 JavaThread "Cache worker for Java compile cache (D:\Personal\Projects\AndroidProjects\Personal\OpenSourceCollectionKotlin\.gradle\6.1.1\javaCompile)" [_thread_blocked, id=10960, stack(0x00000000493f0000,0x00000000494f0000)]
  0x00000000341ee800 JavaThread "WorkerExecutor Queue Thread 14" [_thread_blocked, id=6364, stack(0x0000000046770000,0x0000000046870000)]
  0x000000001ff07800 JavaThread "WorkerExecutor Queue Thread 12" [_thread_in_native, id=18284, stack(0x0000000046270000,0x0000000046370000)]
  0x000000001ff10800 JavaThread "WorkerExecutor Queue Thread 11" [_thread_blocked, id=12524, stack(0x00000000331f0000,0x00000000332f0000)]
  0x000000001ff0e800 JavaThread "RMI TCP Connection(idle)" daemon [_thread_blocked, id=17356, stack(0x0000000048eb0000,0x0000000048fb0000)]
  0x000000001ff11800 JavaThread "stdout" daemon [_thread_in_native, id=12024, stack(0x0000000048bb0000,0x0000000048cb0000)]
  0x000000001ff0b800 JavaThread "stderr" daemon [_thread_in_native, id=17420, stack(0x0000000048ab0000,0x0000000048bb0000)]
  0x000000001ff10000 JavaThread "stdout" daemon [_thread_in_native, id=18024, stack(0x00000000489b0000,0x0000000048ab0000)]
  0x000000001ff0d000 JavaThread "stderr" daemon [_thread_in_native, id=11912, stack(0x00000000488b0000,0x00000000489b0000)]
  0x000000001ff0a800 JavaThread "stdout" daemon [_thread_in_native, id=18624, stack(0x00000000487b0000,0x00000000488b0000)]
  0x000000001ff0c000 JavaThread "stderr" daemon [_thread_in_native, id=1508, stack(0x0000000048370000,0x0000000048470000)]
  0x000000001ff0d800 JavaThread "stdout" daemon [_thread_in_native, id=8144, stack(0x00000000486b0000,0x00000000487b0000)]
  0x000000001ff05800 JavaThread "stderr" daemon [_thread_in_native, id=18852, stack(0x00000000485b0000,0x00000000486b0000)]
  0x000000001ff08800 JavaThread "RMI TCP Connection(40)-127.0.0.1" daemon [_thread_in_native, id=6716, stack(0x0000000047c70000,0x0000000047d70000)]
  0x0000000022c4c000 JavaThread "stdout" [_thread_in_native, id=14224, stack(0x0000000047a70000,0x0000000047b70000)]
  0x00000000341ed000 JavaThread "stderr" [_thread_in_native, id=9704, stack(0x0000000046d90000,0x0000000046e90000)]
  0x00000000341f1800 JavaThread "stdout" [_thread_in_native, id=4656, stack(0x0000000047970000,0x0000000047a70000)]
  0x00000000341e2000 JavaThread "stderr" [_thread_in_native, id=9936, stack(0x0000000047870000,0x0000000047970000)]
  0x0000000020c59800 JavaThread "RMI TCP Connection(idle)" daemon [_thread_blocked, id=7832, stack(0x0000000047770000,0x0000000047870000)]
  0x0000000020c56000 JavaThread "RMI TCP Accept-0" daemon [_thread_in_native, id=7432, stack(0x0000000047670000,0x0000000047770000)]
  0x000000002dbf3000 JavaThread "Java2D Disposer" daemon [_thread_blocked, id=11692, stack(0x0000000047570000,0x0000000047670000)]
  0x000000002dbf2000 JavaThread "stdout" [_thread_in_native, id=12608, stack(0x0000000047140000,0x0000000047240000)]
  0x000000002dbf1800 JavaThread "stderr" [_thread_in_native, id=10536, stack(0x0000000047040000,0x0000000047140000)]
  0x000000002dbe7800 JavaThread "stdout" [_thread_in_native, id=12468, stack(0x0000000046c90000,0x0000000046d90000)]
  0x000000002dbee800 JavaThread "stderr" [_thread_in_native, id=5344, stack(0x0000000046b90000,0x0000000046c90000)]
  0x000000002dbed800 JavaThread "pool-20-thread-1" [_thread_blocked, id=7868, stack(0x0000000046670000,0x0000000046770000)]
  0x00000000341ea800 JavaThread "WorkerExecutor Queue Thread 4" [_thread_blocked, id=12404, stack(0x000000003e290000,0x000000003e390000)]
  0x00000000341f0800 JavaThread "WorkerExecutor Queue Thread 2" [_thread_blocked, id=9220, stack(0x0000000032ef0000,0x0000000032ff0000)]
  0x00000000341f0000 JavaThread "WorkerExecutor Queue" [_thread_blocked, id=4640, stack(0x0000000032df0000,0x0000000032ef0000)]
  0x00000000341ed800 JavaThread "Cache worker for execution history cache (D:\Personal\Projects\AndroidProjects\Personal\OpenSourceCollectionKotlin\.gradle\6.1.1\executionHistory)" [_thread_blocked, id=17276, stack(0x0000000032af0000,0x0000000032bf0000)]
  0x00000000341e7000 JavaThread "Execution worker for ':' Thread 7" [_thread_blocked, id=15076, stack(0x00000000329f0000,0x0000000032af0000)]
  0x00000000341e6000 JavaThread "Execution worker for ':' Thread 6" [_thread_blocked, id=9864, stack(0x00000000324f0000,0x00000000325f0000)]
  0x00000000341e5000 JavaThread "Execution worker for ':' Thread 5" [_thread_in_native, id=6616, stack(0x00000000320f0000,0x00000000321f0000)]
  0x00000000341e7800 JavaThread "Execution worker for ':' Thread 4" [_thread_blocked, id=6656, stack(0x00000000319c0000,0x0000000031ac0000)]
  0x0000000022c56800 JavaThread "Execution worker for ':' Thread 3" [_thread_blocked, id=12144, stack(0x0000000030d70000,0x0000000030e70000)]
  0x0000000022c55000 JavaThread "Execution worker for ':' Thread 2" [_thread_blocked, id=6356, stack(0x0000000021c00000,0x0000000021d00000)]
  0x0000000022c54800 JavaThread "Execution worker for ':'" [_thread_blocked, id=19148, stack(0x0000000000600000,0x0000000000700000)]
  0x0000000022c56000 JavaThread "Cache worker for file content cache (D:\Personal\Projects\AndroidProjects\Personal\OpenSourceCollectionKotlin\.gradle\6.1.1\fileContent)" [_thread_blocked, id=18408, stack(0x0000000030a70000,0x0000000030b70000)]
  0x0000000022c53000 JavaThread "Cache worker for Build Output Cleanup Cache (D:\Personal\Projects\AndroidProjects\Personal\OpenSourceCollectionKotlin\.gradle\buildOutputCleanup)" [_thread_blocked, id=2076, stack(0x00000000304b0000,0x00000000305b0000)]
  0x0000000022c52000 JavaThread "Build operations Thread 8" [_thread_blocked, id=2476, stack(0x000000002ff00000,0x0000000030000000)]
  0x0000000022c51800 JavaThread "Build operations Thread 7" [_thread_blocked, id=4140, stack(0x000000002fe00000,0x000000002ff00000)]
  0x0000000022c49000 JavaThread "Build operations Thread 6" [_thread_blocked, id=18584, stack(0x000000002fd00000,0x000000002fe00000)]
  0x0000000022c4b800 JavaThread "Build operations Thread 5" [_thread_blocked, id=10792, stack(0x000000002d1f0000,0x000000002d2f0000)]
  0x0000000022c50000 JavaThread "Build operations Thread 4" [_thread_blocked, id=6764, stack(0x000000002cbf0000,0x000000002ccf0000)]
  0x0000000022c4a800 JavaThread "Build operations Thread 3" [_thread_blocked, id=13652, stack(0x000000002c8f0000,0x000000002c9f0000)]
  0x0000000022c4f000 JavaThread "Build operations Thread 2" [_thread_blocked, id=2780, stack(0x000000002c3f0000,0x000000002c4f0000)]
  0x0000000022c4e800 JavaThread "Build operations" [_thread_blocked, id=13152, stack(0x000000002c2f0000,0x000000002c3f0000)]
  0x0000000022c4a000 JavaThread "Cache worker for cache directory md-rule (C:\Users\ShiJingFeng\.gradle\caches\6.1.1\md-rule)" [_thread_blocked, id=16556, stack(0x000000002b8b0000,0x000000002b9b0000)]
  0x0000000022c4d000 JavaThread "Cache worker for cache directory md-supplier (C:\Users\ShiJingFeng\.gradle\caches\6.1.1\md-supplier)" [_thread_blocked, id=2380, stack(0x0000000029380000,0x0000000029480000)]
  0x0000000022c4d800 JavaThread "Cache worker for file hash cache (D:\Personal\Projects\AndroidProjects\Personal\OpenSourceCollectionKotlin\.gradle\6.1.1\fileHashes)" [_thread_blocked, id=4412, stack(0x0000000028c80000,0x0000000028d80000)]
  0x0000000022c48800 JavaThread "Cache worker for checksums cache (D:\Personal\Projects\AndroidProjects\Personal\OpenSourceCollectionKotlin\.gradle\checksums)" [_thread_blocked, id=4908, stack(0x0000000028b80000,0x0000000028c80000)]
  0x00000000200f1000 JavaThread "Thread-88" [_thread_blocked, id=3572, stack(0x0000000028a80000,0x0000000028b80000)]
  0x00000000200f4800 JavaThread "Asynchronous log dispatcher for DefaultDaemonConnection: socket connection from /127.0.0.1:2180 to /127.0.0.1:2647" [_thread_blocked, id=16856, stack(0x00000000264e0000,0x00000000265e0000)]
  0x00000000200f4000 JavaThread "Daemon worker Thread 2" [_thread_blocked, id=11684, stack(0x0000000022200000,0x0000000022300000)]
  0x00000000200e9000 JavaThread "Cancel handler" [_thread_blocked, id=11760, stack(0x0000000022100000,0x0000000022200000)]
  0x00000000200f0000 JavaThread "Handler for socket connection from /127.0.0.1:2180 to /127.0.0.1:2647" [_thread_in_native, id=944, stack(0x0000000022000000,0x0000000022100000)]
  0x00000000200eb800 JavaThread "Daemon Thread 2" [_thread_blocked, id=14032, stack(0x0000000021d00000,0x0000000021e00000)]
  0x000000002dbf4800 JavaThread "Cache worker for Java compile cache (C:\Users\ShiJingFeng\.gradle\caches\6.1.1\javaCompile)" [_thread_blocked, id=18588, stack(0x00000000321f0000,0x00000000322f0000)]
  0x000000002dbe5800 JavaThread "RMI Reaper" [_thread_blocked, id=18884, stack(0x00000000318c0000,0x00000000319c0000)]
  0x000000002dbe6000 JavaThread "RMI TCP Accept-0" daemon [_thread_in_native, id=9368, stack(0x00000000317c0000,0x00000000318c0000)]
  0x000000002dbe8800 JavaThread "GC Daemon" daemon [_thread_blocked, id=4000, stack(0x00000000316c0000,0x00000000317c0000)]
  0x000000002dbec000 JavaThread "RMI Scheduler(0)" daemon [_thread_blocked, id=11772, stack(0x000000002e560000,0x000000002e660000)]
  0x0000000022c50800 JavaThread "Cache worker for file content cache (C:\Users\ShiJingFeng\.gradle\caches\6.1.1\fileContent)" [_thread_blocked, id=14180, stack(0x000000002b7b0000,0x000000002b8b0000)]
  0x0000000022c47800 JavaThread "Memory manager" [_thread_blocked, id=17380, stack(0x0000000029680000,0x0000000029780000)]
  0x0000000020c5a800 JavaThread "Cache worker for execution history cache (C:\Users\ShiJingFeng\.gradle\caches\6.1.1\executionHistory)" [_thread_blocked, id=11968, stack(0x00000000265e0000,0x00000000266e0000)]
  0x0000000020c5c800 JavaThread "Cache worker for file hash cache (C:\Users\ShiJingFeng\.gradle\caches\6.1.1\fileHashes)" [_thread_blocked, id=3452, stack(0x0000000022a00000,0x0000000022b00000)]
  0x0000000020c59000 JavaThread "File lock request listener" [_thread_in_native, id=2896, stack(0x0000000022900000,0x0000000022a00000)]
  0x0000000020c58000 JavaThread "Cache worker for journal cache (C:\Users\ShiJingFeng\.gradle\caches\journal-1)" [_thread_blocked, id=15744, stack(0x0000000022800000,0x0000000022900000)]
  0x0000000020a6a800 JavaThread "Daemon periodic checks" [_thread_blocked, id=10372, stack(0x0000000021b00000,0x0000000021c00000)]
  0x0000000020a36000 JavaThread "Incoming local TCP Connector on port 2180" [_thread_in_native, id=3176, stack(0x0000000021950000,0x0000000021a50000)]
  0x0000000020a1a000 JavaThread "Daemon health stats" [_thread_blocked, id=5520, stack(0x0000000021650000,0x0000000021750000)]
  0x000000001e188800 JavaThread "Service Thread" daemon [_thread_blocked, id=10784, stack(0x000000001ec70000,0x000000001ed70000)]
  0x000000001e110000 JavaThread "C1 CompilerThread3" daemon [_thread_blocked, id=9520, stack(0x000000001eb70000,0x000000001ec70000)]
  0x000000001e108800 JavaThread "C2 CompilerThread2" daemon [_thread_blocked, id=13444, stack(0x000000001ea70000,0x000000001eb70000)]
  0x000000001e103800 JavaThread "C2 CompilerThread1" daemon [_thread_in_native, id=5116, stack(0x000000001e970000,0x000000001ea70000)]
=>0x000000001e100800 JavaThread "C2 CompilerThread0" daemon [_thread_in_native, id=16772, stack(0x000000001e870000,0x000000001e970000)]
  0x000000001e0ff000 JavaThread "Attach Listener" daemon [_thread_blocked, id=7336, stack(0x000000001e770000,0x000000001e870000)]
  0x000000001e0ad000 JavaThread "Signal Dispatcher" daemon [_thread_blocked, id=12568, stack(0x000000001e670000,0x000000001e770000)]
  0x000000001e091800 JavaThread "Finalizer" daemon [_thread_blocked, id=13432, stack(0x000000001e570000,0x000000001e670000)]
  0x000000001e090800 JavaThread "Reference Handler" daemon [_thread_blocked, id=11028, stack(0x000000001e470000,0x000000001e570000)]
  0x0000000002672800 JavaThread "main" [_thread_blocked, id=4480, stack(0x0000000002570000,0x0000000002670000)]

Other Threads:
  0x000000001c289800 VMThread [stack: 0x000000001df70000,0x000000001e070000] [id=13396]
  0x000000001e1c0000 WatcherThread [stack: 0x000000001ed70000,0x000000001ee70000] [id=10660]

VM state:not at safepoint (normal execution)

VM Mutex/Monitor currently owned by a thread: None

heap address: 0x00000006c0000000, size: 4096 MB, Compressed Oops mode: Zero based, Oop shift amount: 3
Narrow klass base: 0x0000000000000000, Narrow klass shift: 3
Compressed class space size: 1073741824 Address: 0x00000007c0000000

Heap:
 PSYoungGen      total 968704K, used 689459K [0x000000076ab00000, 0x00000007bec80000, 0x00000007c0000000)
  eden space 883712K, 68% used [0x000000076ab00000,0x000000078f99b7b0,0x00000007a0a00000)
  from space 84992K, 99% used [0x00000007a0a00000,0x00000007a5cb1618,0x00000007a5d00000)
  to   space 242688K, 0% used [0x00000007aff80000,0x00000007aff80000,0x00000007bec80000)
 ParOldGen       total 884736K, used 364722K [0x00000006c0000000, 0x00000006f6000000, 0x000000076ab00000)
  object space 884736K, 41% used [0x00000006c0000000,0x00000006d642c8e8,0x00000006f6000000)
 Metaspace       used 235705K, capacity 247714K, committed 247976K, reserved 1265664K
  class space    used 28594K, capacity 31083K, committed 31144K, reserved 1048576K

Card table byte_map: [0x0000000011b30000,0x0000000012340000] byte_map_base: 0x000000000e530000

Marking Bits: (ParMarkBitMap*) 0x000000006411af90
 Begin Bits: [0x00000000130a0000, 0x00000000170a0000)
 End Bits:   [0x00000000170a0000, 0x000000001b0a0000)

Polling page: 0x00000000004f0000

CodeCache: size=245760Kb used=129378Kb max_used=129378Kb free=116381Kb
 bounds [0x0000000002770000, 0x000000000a680000, 0x0000000011770000]
 total_blobs=35826 nmethods=34719 adapters=1016
 compilation: enabled

Compilation events (10 events):
Event: 533.699 Thread 0x000000001e110000 46268       3       android.databinding.tool.store.BindingAdapterStore::androidSupportArtifact (10 bytes)
Event: 533.700 Thread 0x000000001e110000 nmethod 46268 0x000000000a6623d0 code [0x000000000a662540, 0x000000000a662748]
Event: 533.700 Thread 0x000000001e110000 46271       3       kotlin.text.StringsKt__StringsJVMKt::startsWith (37 bytes)
Event: 533.701 Thread 0x000000001e110000 nmethod 46271 0x000000000a671390 code [0x000000000a671600, 0x000000000a6724b8]
Event: 533.701 Thread 0x000000001e110000 46269       3       android.databinding.tool.store.SetterStore$AccessorKey::compareTo (9 bytes)
Event: 533.701 Thread 0x000000001e110000 nmethod 46269 0x000000000a672d90 code [0x000000000a672f60, 0x000000000a6737f8]
Event: 533.701 Thread 0x000000001e110000 46270       3       android.databinding.tool.store.SetterStore$AccessorKey::compareTo (30 bytes)
Event: 533.702 Thread 0x000000001e110000 nmethod 46270 0x000000000a673c10 code [0x000000000a673dc0, 0x000000000a6744f8]
Event: 533.793 Thread 0x000000001e100800 46272 %     4       android.databinding.tool.reflection.SdkUtil$ApiChecker::buildFullLookup @ 124 (252 bytes)
Event: 533.916 Thread 0x000000001e103800 46273       4       com.sun.tools.javac.jvm.ClassReader::includeClassFile (294 bytes)

GC Heap History (10 events):
Event: 484.477 GC heap before
{Heap before GC invocations=56 (full 6):
 PSYoungGen      total 1229312K, used 1229285K [0x000000076ab00000, 0x00000007c0000000, 0x00000007c0000000)
  eden space 1077248K, 100% used [0x000000076ab00000,0x00000007ac700000,0x00000007ac700000)
  from space 152064K, 99% used [0x00000007ac700000,0x00000007b5b79470,0x00000007b5b80000)
  to   space 168448K, 0% used [0x00000007b5b80000,0x00000007b5b80000,0x00000007c0000000)
 ParOldGen       total 646144K, used 455793K [0x00000006c0000000, 0x00000006e7700000, 0x000000076ab00000)
  object space 646144K, 70% used [0x00000006c0000000,0x00000006dbd1c670,0x00000006e7700000)
 Metaspace       used 214667K, capacity 226158K, committed 226472K, reserved 1247232K
  class space    used 26377K, capacity 28753K, committed 28840K, reserved 1048576K
Event: 484.598 GC heap after
Heap after GC invocations=56 (full 6):
 PSYoungGen      total 1041920K, used 160163K [0x000000076ab00000, 0x00000007c0000000, 0x00000007c0000000)
  eden space 873472K, 0% used [0x000000076ab00000,0x000000076ab00000,0x00000007a0000000)
  from space 168448K, 95% used [0x00000007b5b80000,0x00000007bf7e8e38,0x00000007c0000000)
  to   space 262144K, 0% used [0x00000007a0000000,0x00000007a0000000,0x00000007b0000000)
 ParOldGen       total 646144K, used 558675K [0x00000006c0000000, 0x00000006e7700000, 0x000000076ab00000)
  object space 646144K, 86% used [0x00000006c0000000,0x00000006e2194c88,0x00000006e7700000)
 Metaspace       used 214667K, capacity 226158K, committed 226472K, reserved 1247232K
  class space    used 26377K, capacity 28753K, committed 28840K, reserved 1048576K
}
Event: 484.598 GC heap before
{Heap before GC invocations=57 (full 7):
 PSYoungGen      total 1041920K, used 160163K [0x000000076ab00000, 0x00000007c0000000, 0x00000007c0000000)
  eden space 873472K, 0% used [0x000000076ab00000,0x000000076ab00000,0x00000007a0000000)
  from space 168448K, 95% used [0x00000007b5b80000,0x00000007bf7e8e38,0x00000007c0000000)
  to   space 262144K, 0% used [0x00000007a0000000,0x00000007a0000000,0x00000007b0000000)
 ParOldGen       total 646144K, used 558675K [0x00000006c0000000, 0x00000006e7700000, 0x000000076ab00000)
  object space 646144K, 86% used [0x00000006c0000000,0x00000006e2194c88,0x00000006e7700000)
 Metaspace       used 214667K, capacity 226158K, committed 226472K, reserved 1247232K
  class space    used 26377K, capacity 28753K, committed 28840K, reserved 1048576K
Event: 485.212 GC heap after
Heap after GC invocations=57 (full 7):
 PSYoungGen      total 1041920K, used 0K [0x000000076ab00000, 0x00000007c0000000, 0x00000007c0000000)
  eden space 873472K, 0% used [0x000000076ab00000,0x000000076ab00000,0x00000007a0000000)
  from space 168448K, 0% used [0x00000007b5b80000,0x00000007b5b80000,0x00000007c0000000)
  to   space 262144K, 0% used [0x00000007a0000000,0x00000007a0000000,0x00000007b0000000)
 ParOldGen       total 884736K, used 364698K [0x00000006c0000000, 0x00000006f6000000, 0x000000076ab00000)
  object space 884736K, 41% used [0x00000006c0000000,0x00000006d64268e8,0x00000006f6000000)
 Metaspace       used 214576K, capacity 226034K, committed 226472K, reserved 1247232K
  class space    used 26363K, capacity 28729K, committed 28840K, reserved 1048576K
}
Event: 504.276 GC heap before
{Heap before GC invocations=58 (full 7):
 PSYoungGen      total 1041920K, used 873381K [0x000000076ab00000, 0x00000007c0000000, 0x00000007c0000000)
  eden space 873472K, 99% used [0x000000076ab00000,0x000000079ffe9540,0x00000007a0000000)
  from space 168448K, 0% used [0x00000007b5b80000,0x00000007b5b80000,0x00000007c0000000)
  to   space 262144K, 0% used [0x00000007a0000000,0x00000007a0000000,0x00000007b0000000)
 ParOldGen       total 884736K, used 364698K [0x00000006c0000000, 0x00000006f6000000, 0x000000076ab00000)
  object space 884736K, 41% used [0x00000006c0000000,0x00000006d64268e8,0x00000006f6000000)
 Metaspace       used 217535K, capacity 229142K, committed 229544K, reserved 1249280K
  class space    used 26568K, capacity 28979K, committed 29096K, reserved 1048576K
Event: 504.349 GC heap after
Heap after GC invocations=58 (full 7):
 PSYoungGen      total 1135616K, used 70169K [0x000000076ab00000, 0x00000007c0000000, 0x00000007c0000000)
  eden space 873472K, 0% used [0x000000076ab00000,0x000000076ab00000,0x00000007a0000000)
  from space 262144K, 26% used [0x00000007a0000000,0x00000007a4486580,0x00000007b0000000)
  to   space 248320K, 0% used [0x00000007b0d80000,0x00000007b0d80000,0x00000007c0000000)
 ParOldGen       total 884736K, used 364706K [0x00000006c0000000, 0x00000006f6000000, 0x000000076ab00000)
  object space 884736K, 41% used [0x00000006c0000000,0x00000006d64288e8,0x00000006f6000000)
 Metaspace       used 217535K, capacity 229142K, committed 229544K, reserved 1249280K
  class space    used 26568K, capacity 28979K, committed 29096K, reserved 1048576K
}
Event: 508.849 GC heap before
{Heap before GC invocations=59 (full 7):
 PSYoungGen      total 1135616K, used 943641K [0x000000076ab00000, 0x00000007c0000000, 0x00000007c0000000)
  eden space 873472K, 100% used [0x000000076ab00000,0x00000007a0000000,0x00000007a0000000)
  from space 262144K, 26% used [0x00000007a0000000,0x00000007a4486580,0x00000007b0000000)
  to   space 248320K, 0% used [0x00000007b0d80000,0x00000007b0d80000,0x00000007c0000000)
 ParOldGen       total 884736K, used 364706K [0x00000006c0000000, 0x00000006f6000000, 0x000000076ab00000)
  object space 884736K, 41% used [0x00000006c0000000,0x00000006d64288e8,0x00000006f6000000)
 Metaspace       used 226744K, capacity 238582K, committed 239016K, reserved 1257472K
  class space    used 27586K, capacity 30029K, committed 30120K, reserved 1048576K
Event: 508.903 GC heap after
Heap after GC invocations=59 (full 7):
 PSYoungGen      total 1132032K, used 155209K [0x000000076ab00000, 0x00000007c0000000, 0x00000007c0000000)
  eden space 883712K, 0% used [0x000000076ab00000,0x000000076ab00000,0x00000007a0a00000)
  from space 248320K, 62% used [0x00000007b0d80000,0x00000007ba512600,0x00000007c0000000)
  to   space 257024K, 0% used [0x00000007a0a00000,0x00000007a0a00000,0x00000007b0500000)
 ParOldGen       total 884736K, used 364714K [0x00000006c0000000, 0x00000006f6000000, 0x000000076ab00000)
  object space 884736K, 41% used [0x00000006c0000000,0x00000006d642a8e8,0x00000006f6000000)
 Metaspace       used 226744K, capacity 238582K, committed 239016K, reserved 1257472K
  class space    used 27586K, capacity 30029K, committed 30120K, reserved 1048576K
}
Event: 529.728 GC heap before
{Heap before GC invocations=60 (full 7):
 PSYoungGen      total 1132032K, used 1038921K [0x000000076ab00000, 0x00000007c0000000, 0x00000007c0000000)
  eden space 883712K, 100% used [0x000000076ab00000,0x00000007a0a00000,0x00000007a0a00000)
  from space 248320K, 62% used [0x00000007b0d80000,0x00000007ba512600,0x00000007c0000000)
  to   space 257024K, 0% used [0x00000007a0a00000,0x00000007a0a00000,0x00000007b0500000)
 ParOldGen       total 884736K, used 364714K [0x00000006c0000000, 0x00000006f6000000, 0x000000076ab00000)
  object space 884736K, 41% used [0x00000006c0000000,0x00000006d642a8e8,0x00000006f6000000)
 Metaspace       used 227399K, capacity 239284K, committed 239528K, reserved 1259520K
  class space    used 27647K, capacity 30080K, committed 30120K, reserved 1048576K
Event: 529.807 GC heap after
Heap after GC invocations=60 (full 7):
 PSYoungGen      total 968704K, used 84677K [0x000000076ab00000, 0x00000007bec80000, 0x00000007c0000000)
  eden space 883712K, 0% used [0x000000076ab00000,0x000000076ab00000,0x00000007a0a00000)
  from space 84992K, 99% used [0x00000007a0a00000,0x00000007a5cb1618,0x00000007a5d00000)
  to   space 242688K, 0% used [0x00000007aff80000,0x00000007aff80000,0x00000007bec80000)
 ParOldGen       total 884736K, used 364722K [0x00000006c0000000, 0x00000006f6000000, 0x000000076ab00000)
  object space 884736K, 41% used [0x00000006c0000000,0x00000006d642c8e8,0x00000006f6000000)
 Metaspace       used 227399K, capacity 239284K, committed 239528K, reserved 1259520K
  class space    used 27647K, capacity 30080K, committed 30120K, reserved 1048576K
}

Deoptimization events (10 events):
Event: 529.659 Thread 0x00000000341f0800 Uncommon trap: reason=unstable_if action=reinterpret pc=0x000000000a55b748 method=com.android.build.gradle.internal.tasks.MergeJavaResourcesDelegate$1.test(Ljava/lang/String;)Z @ 21
Event: 529.659 Thread 0x00000000341f0800 Uncommon trap: reason=unstable_if action=reinterpret pc=0x000000000a558f4c method=com.android.build.gradle.internal.tasks.MergeJavaResourcesDelegate$1.test(Ljava/lang/String;)Z @ 21
Event: 529.660 Thread 0x00000000341f0800 Uncommon trap: reason=unstable_if action=reinterpret pc=0x000000000a564584 method=com.android.builder.files.RelativeFile.equals(Ljava/lang/Object;)Z @ 39
Event: 529.713 Thread 0x00000000341f0800 Uncommon trap: reason=class_check action=maybe_recompile pc=0x000000000a577590 method=java.util.Spliterators.spliterator(Ljava/util/Collection;I)Ljava/util/Spliterator; @ 8
Event: 529.714 Thread 0x00000000341f0800 Uncommon trap: reason=class_check action=maybe_recompile pc=0x000000000a577590 method=java.util.Spliterators.spliterator(Ljava/util/Collection;I)Ljava/util/Spliterator; @ 8
Event: 529.714 Thread 0x00000000341f0800 Uncommon trap: reason=class_check action=maybe_recompile pc=0x000000000a577590 method=java.util.Spliterators.spliterator(Ljava/util/Collection;I)Ljava/util/Spliterator; @ 8
Event: 529.714 Thread 0x00000000341f0800 Uncommon trap: reason=class_check action=maybe_recompile pc=0x000000000a577590 method=java.util.Spliterators.spliterator(Ljava/util/Collection;I)Ljava/util/Spliterator; @ 8
Event: 530.722 Thread 0x00000000341ed800 Uncommon trap: reason=unstable_if action=reinterpret pc=0x0000000004e091b8 method=com.google.common.collect.MapMakerInternalMap$WeakKeyDummyValueEntry$Helper.copy(Lcom/google/common/collect/MapMakerInternalMap$WeakKeyDummyValueSegment;Lcom/google/common/c
Event: 532.938 Thread 0x000000001ff07800 Uncommon trap: reason=unstable_if action=reinterpret pc=0x0000000006c609d0 method=com.google.gson.stream.JsonReader.nextNonWhitespace(Z)I @ 61
Event: 533.480 Thread 0x000000001ff07800 Uncommon trap: reason=unstable_if action=reinterpret pc=0x00000000099955f8 method=com.sun.tools.javac.jvm.ClassReader.includeClassFile(Lcom/sun/tools/javac/code/Symbol$PackageSymbol;Ljavax/tools/JavaFileObject;)V @ 185

Classes redefined (0 events):
No events

Internal exceptions (10 events):
Event: 532.487 Thread 0x000000001ff07800 Exception <a 'java/security/PrivilegedActionException'> (0x00000007814d1210) thrown at [C:\jenkins\workspace\8-2-build-windows-amd64-cygwin\jdk8u251\737\hotspot\src\share\vm\prims\jvm.cpp, line 1502]
Event: 532.487 Thread 0x000000001ff07800 Exception <a 'java/security/PrivilegedActionException'> (0x00000007814d2e70) thrown at [C:\jenkins\workspace\8-2-build-windows-amd64-cygwin\jdk8u251\737\hotspot\src\share\vm\prims\jvm.cpp, line 1502]
Event: 532.487 Thread 0x000000001ff07800 Exception <a 'java/security/PrivilegedActionException'> (0x00000007814d3450) thrown at [C:\jenkins\workspace\8-2-build-windows-amd64-cygwin\jdk8u251\737\hotspot\src\share\vm\prims\jvm.cpp, line 1502]
Event: 532.487 Thread 0x000000001ff07800 Exception <a 'java/security/PrivilegedActionException'> (0x00000007814d4eb0) thrown at [C:\jenkins\workspace\8-2-build-windows-amd64-cygwin\jdk8u251\737\hotspot\src\share\vm\prims\jvm.cpp, line 1502]
Event: 532.487 Thread 0x000000001ff07800 Exception <a 'java/security/PrivilegedActionException'> (0x00000007814d5490) thrown at [C:\jenkins\workspace\8-2-build-windows-amd64-cygwin\jdk8u251\737\hotspot\src\share\vm\prims\jvm.cpp, line 1502]
Event: 532.487 Thread 0x000000001ff07800 Exception <a 'java/security/PrivilegedActionException'> (0x00000007814d6fc8) thrown at [C:\jenkins\workspace\8-2-build-windows-amd64-cygwin\jdk8u251\737\hotspot\src\share\vm\prims\jvm.cpp, line 1502]
Event: 532.487 Thread 0x000000001ff07800 Exception <a 'java/security/PrivilegedActionException'> (0x00000007814d75a8) thrown at [C:\jenkins\workspace\8-2-build-windows-amd64-cygwin\jdk8u251\737\hotspot\src\share\vm\prims\jvm.cpp, line 1502]
Event: 532.487 Thread 0x000000001ff07800 Exception <a 'java/security/PrivilegedActionException'> (0x00000007814d91d0) thrown at [C:\jenkins\workspace\8-2-build-windows-amd64-cygwin\jdk8u251\737\hotspot\src\share\vm\prims\jvm.cpp, line 1502]
Event: 532.487 Thread 0x000000001ff07800 Exception <a 'java/security/PrivilegedActionException'> (0x00000007814d97b0) thrown at [C:\jenkins\workspace\8-2-build-windows-amd64-cygwin\jdk8u251\737\hotspot\src\share\vm\prims\jvm.cpp, line 1502]
Event: 533.010 Thread 0x000000001ff07800 Exception <a 'java/lang/NullPointerException'> (0x00000007864fe3d8) thrown at [C:\jenkins\workspace\8-2-build-windows-amd64-cygwin\jdk8u251\737\hotspot\src\share\vm\interpreter\linkResolver.cpp, line 1287]

Events (10 events):
Event: 533.565 loading class com/google/common/collect/SingletonImmutableSet
Event: 533.565 loading class com/google/common/collect/SingletonImmutableSet done
Event: 533.566 loading class com/google/common/collect/RegularImmutableSet
Event: 533.566 loading class com/google/common/collect/RegularImmutableSet done
Event: 533.566 loading class com/google/common/collect/ImmutableSet$SetBuilderImpl
Event: 533.566 loading class com/google/common/collect/ImmutableSet$SetBuilderImpl done
Event: 533.567 loading class com/google/common/collect/ImmutableSet$RegularSetBuilderImpl
Event: 533.567 loading class com/google/common/collect/ImmutableSet$RegularSetBuilderImpl done
Event: 533.802 Thread 0x000000001ff07800 DEOPT PACKING pc=0x000000000902eb35 sp=0x000000004636d3a0
Event: 533.802 Thread 0x000000001ff07800 DEOPT UNPACKING pc=0x00000000027b7890 sp=0x000000004636d130 mode 0


Dynamic libraries:
0x00007ff617940000 - 0x00007ff617977000 	C:\Program Files\Java\jdk1.8.0_251\bin\java.exe
0x00007ffaa0680000 - 0x00007ffaa0870000 	C:\Windows\SYSTEM32\ntdll.dll
0x00007ffa9f1f0000 - 0x00007ffa9f2a2000 	C:\Windows\System32\KERNEL32.DLL
0x00007ffa9deb0000 - 0x00007ffa9e155000 	C:\Windows\System32\KERNELBASE.dll
0x00007ffa9f0a0000 - 0x00007ffa9f143000 	C:\Windows\System32\ADVAPI32.dll
0x00007ffa9f150000 - 0x00007ffa9f1ee000 	C:\Windows\System32\msvcrt.dll
0x00007ffa9e730000 - 0x00007ffa9e7c7000 	C:\Windows\System32\sechost.dll
0x00007ffa9f2e0000 - 0x00007ffa9f400000 	C:\Windows\System32\RPCRT4.dll
0x00007ffa9ed40000 - 0x00007ffa9eed4000 	C:\Windows\System32\USER32.dll
0x00007ffa9e670000 - 0x00007ffa9e691000 	C:\Windows\System32\win32u.dll
0x00007ffa9f2b0000 - 0x00007ffa9f2d6000 	C:\Windows\System32\GDI32.dll
0x00007ffa9e160000 - 0x00007ffa9e2f6000 	C:\Windows\System32\gdi32full.dll
0x00007ffa9d5f0000 - 0x00007ffa9d68e000 	C:\Windows\System32\msvcp_win.dll
0x00007ffa9e550000 - 0x00007ffa9e64a000 	C:\Windows\System32\ucrtbase.dll
0x00007ffa840f0000 - 0x00007ffa84374000 	C:\Windows\WinSxS\amd64_microsoft.windows.common-controls_6595b64144ccf1df_6.0.18362.1256_none_9e7e379be45e40e2\COMCTL32.dll
0x00007ffa9f940000 - 0x00007ffa9fc76000 	C:\Windows\System32\combase.dll
0x00007ffa9d690000 - 0x00007ffa9d711000 	C:\Windows\System32\bcryptPrimitives.dll
0x00007ffa9ec30000 - 0x00007ffa9ec5e000 	C:\Windows\System32\IMM32.DLL
0x0000000065ce0000 - 0x0000000065db2000 	C:\Program Files\Java\jdk1.8.0_251\jre\bin\msvcr100.dll
0x00000000638f0000 - 0x000000006419b000 	C:\Program Files\Java\jdk1.8.0_251\jre\bin\server\jvm.dll
0x00007ffa9e910000 - 0x00007ffa9e918000 	C:\Windows\System32\PSAPI.DLL
0x00007ffa95690000 - 0x00007ffa95699000 	C:\Windows\SYSTEM32\WSOCK32.dll
0x00007ffa95060000 - 0x00007ffa9506a000 	C:\Windows\SYSTEM32\VERSION.dll
0x00007ffa98220000 - 0x00007ffa98244000 	C:\Windows\SYSTEM32\WINMM.dll
0x00007ffa9eba0000 - 0x00007ffa9ec0f000 	C:\Windows\System32\WS2_32.dll
0x00007ffa981f0000 - 0x00007ffa9821d000 	C:\Windows\SYSTEM32\WINMMBASE.dll
0x00007ffa9e300000 - 0x00007ffa9e34a000 	C:\Windows\System32\cfgmgr32.dll
0x00007ffa5e6c0000 - 0x00007ffa5e6cf000 	C:\Program Files\Java\jdk1.8.0_251\jre\bin\verify.dll
0x00007ffa38690000 - 0x00007ffa386b9000 	C:\Program Files\Java\jdk1.8.0_251\jre\bin\java.dll
0x00007ffa5e610000 - 0x00007ffa5e626000 	C:\Program Files\Java\jdk1.8.0_251\jre\bin\zip.dll
0x00007ffa9fda0000 - 0x00007ffaa0487000 	C:\Windows\System32\SHELL32.dll
0x00007ffa9fcf0000 - 0x00007ffa9fd99000 	C:\Windows\System32\shcore.dll
0x00007ffa9d720000 - 0x00007ffa9dea1000 	C:\Windows\System32\windows.storage.dll
0x00007ffa9d5c0000 - 0x00007ffa9d5e3000 	C:\Windows\System32\profapi.dll
0x00007ffa9d530000 - 0x00007ffa9d57a000 	C:\Windows\System32\powrprof.dll
0x00007ffa9d520000 - 0x00007ffa9d530000 	C:\Windows\System32\UMPDC.dll
0x00007ffa9f040000 - 0x00007ffa9f092000 	C:\Windows\System32\shlwapi.dll
0x00007ffa9d580000 - 0x00007ffa9d591000 	C:\Windows\System32\kernel.appcore.dll
0x00007ffa9e650000 - 0x00007ffa9e667000 	C:\Windows\System32\cryptsp.dll
0x00007ffa51850000 - 0x00007ffa5186a000 	C:\Program Files\Java\jdk1.8.0_251\jre\bin\net.dll
0x00007ffa9cd70000 - 0x00007ffa9cdd7000 	C:\Windows\system32\mswsock.dll
0x00007ffa38670000 - 0x00007ffa38682000 	C:\Program Files\Java\jdk1.8.0_251\jre\bin\nio.dll
0x00007ffa386c0000 - 0x00007ffa386e6000 	C:\Users\ShiJingFeng\.gradle\native\31\windows-amd64\native-platform.dll
0x00007ffa5e6b0000 - 0x00007ffa5e6bd000 	C:\Program Files\Java\jdk1.8.0_251\jre\bin\management.dll
0x00007ffa9c8e0000 - 0x00007ffa9c913000 	C:\Windows\system32\rsaenh.dll
0x00007ffa9e700000 - 0x00007ffa9e726000 	C:\Windows\System32\bcrypt.dll
0x00007ffa9d440000 - 0x00007ffa9d465000 	C:\Windows\SYSTEM32\USERENV.dll
0x00007ffa9cf40000 - 0x00007ffa9cf4c000 	C:\Windows\SYSTEM32\CRYPTBASE.dll
0x00007ffa9ca80000 - 0x00007ffa9caba000 	C:\Windows\SYSTEM32\IPHLPAPI.DLL
0x00007ffa9ec60000 - 0x00007ffa9ec68000 	C:\Windows\System32\NSI.dll
0x00007ffa8f720000 - 0x00007ffa8f736000 	C:\Windows\SYSTEM32\dhcpcsvc6.DLL
0x00007ffa90e80000 - 0x00007ffa90e9c000 	C:\Windows\SYSTEM32\dhcpcsvc.DLL
0x00007ffa9cac0000 - 0x00007ffa9cb8b000 	C:\Windows\SYSTEM32\DNSAPI.dll
0x00007ffa69790000 - 0x00007ffa697b4000 	C:\Program Files\Java\jdk1.8.0_251\jre\bin\sunec.dll
0x00007ffa91640000 - 0x00007ffa9164a000 	C:\Windows\System32\rasadhlp.dll
0x00007ffa90590000 - 0x00007ffa90607000 	C:\Windows\System32\fwpuclnt.dll
0x00007ffa95890000 - 0x00007ffa9589c000 	C:\Program Files\Java\jdk1.8.0_251\jre\bin\sunmscapi.dll
0x00007ffa9e400000 - 0x00007ffa9e549000 	C:\Windows\System32\CRYPT32.dll
0x00007ffa9d5a0000 - 0x00007ffa9d5b2000 	C:\Windows\System32\MSASN1.dll
0x00007ffa9d040000 - 0x00007ffa9d066000 	C:\Windows\SYSTEM32\ncrypt.dll
0x00007ffa9d000000 - 0x00007ffa9d03b000 	C:\Windows\SYSTEM32\NTASN1.dll
0x00007ffa9c540000 - 0x00007ffa9c571000 	C:\Windows\SYSTEM32\ntmarta.dll
0x00007ffa98160000 - 0x00007ffa981ef000 	C:\Windows\system32\apphelp.dll
0x00007ffa69770000 - 0x00007ffa6978e000 	C:\Users\ShiJingFeng\AppData\Local\Temp\native-platform1549588617628515784dir\native-platform.dll
0x00007ffa76050000 - 0x00007ffa761ea000 	C:\Program Files\Java\jdk1.8.0_251\jre\bin\awt.dll
0x00007ffa9f870000 - 0x00007ffa9f935000 	C:\Windows\System32\OLEAUT32.dll
0x00007ffa9bc70000 - 0x00007ffa9bc9d000 	C:\Windows\system32\DWMAPI.DLL
0x00007ffa98680000 - 0x00007ffa98719000 	C:\Windows\system32\uxtheme.dll
0x00007ffa980d0000 - 0x00007ffa980fa000 	C:\Program Files\Java\jdk1.8.0_251\jre\bin\dcpr.dll

VM Arguments:
jvm_args: -Xmx4096m -Dfile.encoding=UTF-8 -Duser.country=CN -Duser.language=zh -Duser.variant 
java_command: org.gradle.launcher.daemon.bootstrap.GradleDaemon 6.1.1
java_class_path (initial): C:\Users\ShiJingFeng\.gradle\wrapper\dists\gradle-6.1.1-all\cfmwm155h49vnt3hynmlrsdst\gradle-6.1.1\lib\gradle-launcher-6.1.1.jar
Launcher Type: SUN_STANDARD

Environment Variables:
JAVA_HOME=C:\Program Files\Java\jdk1.8.0_251
CLASSPATH=.;C:\Program Files\Java\jdk1.8.0_251\lib\dt.jar;C:\Program Files\Java\jdk1.8.0_251\lib\tools.jar;
PATH=C:\Program Files\Common Files\Oracle\Java\javapath;C:\Program Files (x86)\Common Files\Oracle\Java\javapath;C:\Windows\system32;C:\Windows;C:\Windows\System32\Wbem;C:\Windows\System32\WindowsPowerShell\v1.0\;C:\Windows\System32\OpenSSH\;C:\Program Files (x86)\NVIDIA Corporation\PhysX\Common;C:\Program Files\NVIDIA Corporation\NVIDIA NvDLISR;C:\Program Files\Git\cmd;C:\Program Files\Java\jdk1.8.0_251\bin;C:\Program Files\Java\jdk1.8.0_251\jre\bin;C:\flutter\bin;C:\flutter\bin\cache\dart-sdk\bin;C:\ProgramData\chocolatey\bin;C:\Users\ShiJingFeng\AppData\Local\Android\Sdk\platform-tools;C:\Users\ShiJingFeng\AppData\Local\Android\Sdk\platform-tools;;C:\Program Files\IDM Computer Solutions\UltraEdit;C:\Users\ShiJingFeng\AppData\Local\Programs\Python\Python38-32\Scripts\;C:\Users\ShiJingFeng\AppData\Local\Programs\Python\Python38-32\;C:\Users\ShiJingFeng\AppData\Local\Microsoft\WindowsApps;C:\Program Files\Bandizip\;C:\Users\ShiJingFeng\AppData\Local\Programs\Microsoft VS Code Insiders\bin;C:\Program Files\JetBrains\IntelliJ IDEA Community Edition 2020.1\bin;C:\Program Files\Huawei\DevEco Studio\bin;C:\Users\ShiJingFeng\AppData\Local\Programs\Fiddler;C:\Users\ShiJingFeng\Desktop\Android反编译工具\dex2jar-2.0\d2j-dex2jar.bat;
USERNAME=ShiJingFeng
OS=Windows_NT
PROCESSOR_IDENTIFIER=Intel64 Family 6 Model 142 Stepping 12, GenuineIntel



---------------  S Y S T E M  ---------------

OS: Windows 10.0 , 64 bit Build 18362 (10.0.18362.1110)

CPU:total 8 (initial active 8) (4 cores per cpu, 2 threads per core) family 6 model 142 stepping 12, cmov, cx8, fxsr, mmx, sse, sse2, sse3, ssse3, sse4.1, sse4.2, popcnt, avx, avx2, aes, clmul, erms, 3dnowpref, lzcnt, ht, tsc, tscinvbit, bmi1, bmi2, adx

Memory: 4k page, physical 16606512k(2198868k free), swap 16606512k(5232k free)

vm_info: Java HotSpot(TM) 64-Bit Server VM (25.251-b08) for windows-amd64 JRE (1.8.0_251-b08), built on Mar 12 2020 06:31:49 by "" with MS VC++ 10.0 (VS2010)

time: Fri Dec 25 10:54:46 2020
timezone: 中国标准时间
elapsed time: 533 seconds (0d 0h 8m 53s)

